<?xml version="1.0" encoding="UTF-8"?>
<!-- Generated by org.testng.reporters.JUnitXMLReporter -->
<testsuite hostname="II02-JWXVKC2" ignored="0" name="Test4" tests="5" failures="1" timestamp="18 Aug 2019 05:12:01 GMT" time="0.013" errors="0">
  <testcase name="code1" time="0.001" classname="Test_code.Test_01">
    <failure type="java.lang.AssertionError" message="Test cases failed as we have false value: FAIL!!!!!!!!!!! expected [true] but found [false]">
      <![CDATA[java.lang.AssertionError: Test cases failed as we have false value: FAIL!!!!!!!!!!! expected [true] but found [false]
at Test_code.Test_01.code1(Test_01.java:17)
... Removed 28 stack frames]]>
    </failure>
  </testcase> <!-- code1 -->
  <testcase name="code2" time="0.002" classname="Test_code.Test_01"/>
  <testcase name="code3" time="0.001" classname="Test_code.Test_01"/>
  <testcase name="code4" time="0.001" classname="Test_code.Test_01"/>
  <testcase name="code5" time="0.001" classname="Test_code.Test_01"/>
</testsuite> <!-- Test4 -->
